<?xml version="1.0" encoding="UTF-8"?>
<!-- Generated by org.testng.reporters.JUnitXMLReporter -->
<testsuite hostname="DESKTOP-2JAO2Q5" name="Default test" tests="2" failures="0" timestamp="26 May 2020 02:58:26 GMT" time="24.144" errors="0">
  <testcase name="adminLogin" time="2.133" classname="com.training.sanity.tests.UNF_063UniformAdminAddProd"/>
  <testcase name="adminAddProd" time="5.909" classname="com.training.sanity.tests.UNF_063UniformAdminAddProd"/>
</testsuite> <!-- Default test -->
